<?xml version='1.0' encoding='UTF-8'?>
<testsuite hostname="iccluster109" name="HbfpSpec" tests="1" errors="0" failures="1" skipped="0" time="130.864" timestamp="2023-07-12T09:02:52">
          <properties>
      <property name="awt.toolkit" value="sun.awt.X11.XToolkit"/><property name="java.specification.version" value="11"/><property name="sun.cpu.isalist" value=""/><property name="sun.jnu.encoding" value="UTF-8"/><property name="sun.arch.data.model" value="64"/><property name="java.vendor.url" value="Unknown"/><property name="sun.boot.library.path" value="/usr/lib/jvm/java-11-openjdk-amd64/lib"/><property name="sun.java.command" value="/home/vpatel/.cache/sbt/boot/sbt-launch/1.8.3/sbt-launch-1.8.3.jar test compile"/><property name="jdk.debug" value="release"/><property name="java.specification.vendor" value="Oracle Corporation"/><property name="java.version.date" value="2022-04-19"/><property name="java.home" value="/usr/lib/jvm/java-11-openjdk-amd64"/><property name="file.separator" value="/"/><property name="java.vm.compressedOopsMode" value="32-bit"/><property name="line.separator" value="
"/><property name="java.specification.name" value="Java Platform API Specification"/><property name="java.vm.specification.vendor" value="Oracle Corporation"/><property name="sun.management.compiler" value="HotSpot 64-Bit Tiered Compilers"/><property name="java.runtime.version" value="11.0.15+10-Ubuntu-0ubuntu0.22.04.1"/><property name="user.name" value="vpatel"/><property name="log4j.ignoreTCL" value="true"/><property name="file.encoding" value="UTF-8"/><property name="jnidispatch.path" value="/home/vpatel/.cache/JNA/temp/jna17410053335401339358.tmp"/><property name="jna.loaded" value="true"/><property name="java.io.tmpdir" value="/tmp"/><property name="java.version" value="11.0.15"/><property name="java.vm.specification.name" value="Java Virtual Machine Specification"/><property name="java.awt.printerjob" value="sun.print.PSPrinterJob"/><property name="sun.os.patch.level" value="unknown"/><property name="java.library.path" value="/usr/java/packages/lib:/usr/lib/x86_64-linux-gnu/jni:/lib/x86_64-linux-gnu:/usr/lib/x86_64-linux-gnu:/usr/lib/jni:/lib:/usr/lib"/><property name="java.vendor" value="Private Build"/><property name="scala.ext.dirs" value="/home/vpatel/.sbt/1.0/java9-rt-ext-private_build_11_0_15"/><property name="sun.io.unicode.encoding" value="UnicodeLittle"/><property name="java.class.path" value="/home/vpatel/.cache/sbt/boot/sbt-launch/1.8.3/sbt-launch-1.8.3.jar"/><property name="java.vm.vendor" value="Private Build"/><property name="jline.shutdownhook" value="false"/><property name="user.timezone" value="Etc/UTC"/><property name="os.name" value="Linux"/><property name="java.vm.specification.version" value="11"/><property name="sun.java.launcher" value="SUN_STANDARD"/><property name="sun.cpu.endian" value="little"/><property name="user.home" value="/home/vpatel"/><property name="user.language" value="en"/><property name="sbt.script" value="/usr/bin/sbt"/><property name="sbt.ipcsocket.tmpdir" value="/run/user/275189/.sbt188d919f/ipcsocket"/><property name="swoval.tmpdir" value="/run/user/275189/.sbt188d919f/swoval"/><property name="java.awt.graphicsenv" value="sun.awt.X11GraphicsEnvironment"/><property name="jline.esc.timeout" value="0"/><property name="path.separator" value=":"/><property name="os.version" value="5.15.0-27-generic"/><property name="jna.nosys" value="true"/><property name="java.runtime.name" value="OpenJDK Runtime Environment"/><property name="java.vm.name" value="OpenJDK 64-Bit Server VM"/><property name="jna.platform.library.path" value="/usr/lib/x86_64-linux-gnu:/lib/x86_64-linux-gnu:/usr/lib64:/lib64:/usr/lib:/lib:/usr/lib/x86_64-linux-gnu/libfakeroot"/><property name="java.vendor.url.bug" value="Unknown"/><property name="user.dir" value="/home/vpatel/Documents/Chisel/Chisel-Workspace/HBFP_Accelerator"/><property name="os.arch" value="amd64"/><property name="java.vm.info" value="mixed mode, sharing"/><property name="java.vm.version" value="11.0.15+10-Ubuntu-0ubuntu0.22.04.1"/><property name="java.class.version" value="55.0"/>
    </properties>
          <testcase classname="HbfpSpec" name="mult should pass" time="130.864">
                      <failure message="io_out_0_12_result_sign=1 (0x1) did not equal expected=0 (0x0) (lines in MatMul_spec.scala: 67, 66, 65, 24)" type="org.scalatest.exceptions.TestFailedException">org.scalatest.exceptions.TestFailedException: io_out_0_12_result_sign=1 (0x1) did not equal expected=0 (0x0) (lines in MatMul_spec.scala: 67, 66, 65, 24)
	at chiseltest.internal.TestEnvInterface.signalExpectFailure(TestEnvInterface.scala:60)
	at chiseltest.internal.TestEnvInterface.signalExpectFailure$(TestEnvInterface.scala:45)
	at HbfpSpec.signalExpectFailure(MatMul_spec.scala:17)
	at chiseltest.package$Utils$.expectFailed(package.scala:499)
	at chiseltest.package$Utils$.expectBits(package.scala:490)
	at chiseltest.package$testableUInt.expectInternal(package.scala:55)
	at chiseltest.package$testableUInt.expect(package.scala:57)
	at HbfpSpec.$anonfun$new$18(MatMul_spec.scala:67)
	at scala.collection.immutable.Range.foreach$mVc$sp(Range.scala:190)
	at HbfpSpec.$anonfun$new$17(MatMul_spec.scala:66)
	at scala.collection.immutable.Range.foreach$mVc$sp(Range.scala:190)
	at HbfpSpec.$anonfun$new$3(MatMul_spec.scala:65)
	at HbfpSpec.$anonfun$new$3$adapted(MatMul_spec.scala:24)
	at chiseltest.internal.GenericBackend.$anonfun$run$1(GenericBackend.scala:153)
	at chiseltest.internal.ThreadedBackend$TesterThread$$anon$1.$anonfun$run$1(ThreadedBackend.scala:495)
	at chiseltest.internal.GenericBackend.doTimescope(GenericBackend.scala:98)
	at chiseltest.internal.ThreadedBackend$TesterThread$$anon$1.run(ThreadedBackend.scala:495)
	at java.base/java.lang.Thread.run(Thread.java:829)
Caused by: chiseltest.internal.FailedExpectException: io_out_0_12_result_sign=1 (0x1) did not equal expected=0 (0x0) (lines in MatMul_spec.scala: 67, 66, 65, 24)
	... 18 more
</failure>
                    </testcase>
          <system-out><![CDATA[]]></system-out>
          <system-err><![CDATA[]]></system-err>
        </testsuite>